<?xml version="1.0" encoding="UTF-8"?>
<!-- Generated by org.testng.reporters.JUnitXMLReporter -->
<testsuite ignored="0" hostname="NASEEM" failures="3" tests="3" name="Banking App Test" time="26.848" errors="0" timestamp="20 Jan 2019 22:57:03 GMT">
  <testcase classname="com.inetbanking.testcases.TC_EditCustomerDDT_005" name="EditDDT" time="3.025">
    <failure type="java.lang.NullPointerException">
      <![CDATA[java.lang.NullPointerException
at org.openqa.selenium.support.pagefactory.DefaultElementLocator.findElement(DefaultElementLocator.java:69)
at org.openqa.selenium.support.pagefactory.internal.LocatingElementHandler.invoke(LocatingElementHandler.java:38)
at com.sun.proxy.$Proxy14.sendKeys(Unknown Source)
at com.inetbanking.pageObjects.EditCustomerPage.entercustidtoeditD(EditCustomerPage.java:53)
at com.inetbanking.testcases.TC_EditCustomerDDT_005.EditDDT(TC_EditCustomerDDT_005.java:42)
... Removed 25 stack frames]]>
    </failure>
  </testcase> <!-- EditDDT -->
  <testcase classname="com.inetbanking.testcases.TC_EditCustomerDDT_005" name="EditDDT" time="3.002">
    <failure type="java.lang.NullPointerException">
      <![CDATA[java.lang.NullPointerException
at org.openqa.selenium.support.pagefactory.DefaultElementLocator.findElement(DefaultElementLocator.java:69)
at org.openqa.selenium.support.pagefactory.internal.LocatingElementHandler.invoke(LocatingElementHandler.java:38)
at com.sun.proxy.$Proxy14.sendKeys(Unknown Source)
at com.inetbanking.pageObjects.EditCustomerPage.entercustidtoeditD(EditCustomerPage.java:53)
at com.inetbanking.testcases.TC_EditCustomerDDT_005.EditDDT(TC_EditCustomerDDT_005.java:42)
... Removed 25 stack frames]]>
    </failure>
  </testcase> <!-- EditDDT -->
  <testcase classname="com.inetbanking.testcases.TC_EditCustomerDDT_005" name="login" time="1.64">
    <failure type="java.lang.NullPointerException">
      <![CDATA[java.lang.NullPointerException
at org.openqa.selenium.support.pagefactory.DefaultElementLocator.findElement(DefaultElementLocator.java:69)
at org.openqa.selenium.support.pagefactory.internal.LocatingElementHandler.invoke(LocatingElementHandler.java:38)
at com.sun.proxy.$Proxy14.click(Unknown Source)
at com.inetbanking.pageObjects.EditCustomerPage.clickEdit(EditCustomerPage.java:48)
at com.inetbanking.testcases.TC_EditCustomerDDT_005.login(TC_EditCustomerDDT_005.java:27)
... Removed 25 stack frames]]>
    </failure>
  </testcase> <!-- login -->
</testsuite> <!-- Banking App Test -->
